{"/home/eklow/dev/skola-backend-2026/integrationtests/src/math.ts": {"path":"/home/eklow/dev/skola-backend-2026/integrationtests/src/math.ts","statementMap":{"0":{"start":{"line":1,"column":13},"end":{"line":2,"column":null}},"1":{"start":{"line":2,"column":2},"end":{"line":2,"column":null}}},"fnMap":{"0":{"name":"(anonymous_0)","decl":{"start":{"line":1,"column":13},"end":{"line":1,"column":20}},"loc":{"start":{"line":1,"column":45},"end":{"line":2,"column":null}},"line":1}},"branchMap":{},"s":{"0":1,"1":1},"f":{"0":1},"b":{},"meta":{"lastBranch":0,"lastFunction":1,"lastStatement":2,"seen":{"s:1:13:2:Infinity":0,"f:1:13:1:20":0,"s:2:2:2:Infinity":1}}}
,"/home/eklow/dev/skola-backend-2026/integrationtests/src/pizzashop.js": {"path":"/home/eklow/dev/skola-backend-2026/integrationtests/src/pizzashop.js","statementMap":{"0":{"start":{"line":1,"column":27},"end":{"line":7,"column":1}},"1":{"start":{"line":2,"column":15},"end":{"line":5,"column":3}},"2":{"start":{"line":6,"column":2},"end":{"line":6,"column":null}},"3":{"start":{"line":9,"column":18},"end":{"line":13,"column":1}},"4":{"start":{"line":10,"column":2},"end":{"line":10,"column":null}},"5":{"start":{"line":11,"column":18},"end":{"line":11,"column":50}},"6":{"start":{"line":12,"column":2},"end":{"line":12,"column":null}},"7":{"start":{"line":15,"column":23},"end":{"line":21,"column":1}},"8":{"start":{"line":16,"column":2},"end":{"line":18,"column":null}},"9":{"start":{"line":17,"column":4},"end":{"line":17,"column":null}},"10":{"start":{"line":19,"column":2},"end":{"line":19,"column":null}},"11":{"start":{"line":20,"column":2},"end":{"line":20,"column":null}},"12":{"start":{"line":23,"column":19},"end":{"line":28,"column":1}},"13":{"start":{"line":24,"column":16},"end":{"line":24,"column":38}},"14":{"start":{"line":25,"column":18},"end":{"line":25,"column":34}},"15":{"start":{"line":26,"column":25},"end":{"line":26,"column":61}},"16":{"start":{"line":27,"column":2},"end":{"line":27,"column":null}}},"fnMap":{"0":{"name":"(anonymous_0)","decl":{"start":{"line":1,"column":27},"end":{"line":1,"column":28}},"loc":{"start":{"line":1,"column":37},"end":{"line":7,"column":1}},"line":1},"1":{"name":"(anonymous_1)","decl":{"start":{"line":9,"column":18},"end":{"line":9,"column":19}},"loc":{"start":{"line":9,"column":29},"end":{"line":13,"column":1}},"line":9},"2":{"name":"(anonymous_2)","decl":{"start":{"line":15,"column":23},"end":{"line":15,"column":24}},"loc":{"start":{"line":15,"column":44},"end":{"line":21,"column":1}},"line":15},"3":{"name":"(anonymous_3)","decl":{"start":{"line":23,"column":19},"end":{"line":23,"column":20}},"loc":{"start":{"line":23,"column":34},"end":{"line":28,"column":1}},"line":23}},"branchMap":{"0":{"loc":{"start":{"line":16,"column":2},"end":{"line":18,"column":null}},"type":"if","locations":[{"start":{"line":16,"column":2},"end":{"line":18,"column":null}},{"start":{},"end":{}}],"line":16}},"s":{"0":2,"1":4,"2":4,"3":2,"4":3,"5":3,"6":3,"7":2,"8":2,"9":0,"10":2,"11":2,"12":2,"13":2,"14":2,"15":2,"16":2},"f":{"0":4,"1":3,"2":2,"3":2},"b":{"0":[0,2]},"meta":{"lastBranch":1,"lastFunction":4,"lastStatement":17,"seen":{"s:1:27:7:1":0,"f:1:27:1:28":0,"s:2:15:5:3":1,"s:6:2:6:Infinity":2,"s:9:18:13:1":3,"f:9:18:9:19":1,"s:10:2:10:Infinity":4,"s:11:18:11:50":5,"s:12:2:12:Infinity":6,"s:15:23:21:1":7,"f:15:23:15:24":2,"b:16:2:18:Infinity:undefined:undefined:undefined:undefined":0,"s:16:2:18:Infinity":8,"s:17:4:17:Infinity":9,"s:19:2:19:Infinity":10,"s:20:2:20:Infinity":11,"s:23:19:28:1":12,"f:23:19:23:20":3,"s:24:16:24:38":13,"s:25:18:25:34":14,"s:26:25:26:61":15,"s:27:2:27:Infinity":16}}}
,"/home/eklow/dev/skola-backend-2026/integrationtests/src/sum.ts": {"path":"/home/eklow/dev/skola-backend-2026/integrationtests/src/sum.ts","statementMap":{"0":{"start":{"line":3,"column":4},"end":{"line":3,"column":null}},"1":{"start":{"line":3,"column":40},"end":{"line":3,"column":51}}},"fnMap":{"0":{"name":"sum","decl":{"start":{"line":2,"column":24},"end":{"line":2,"column":28}},"loc":{"start":{"line":2,"column":50},"end":{"line":3,"column":null}},"line":2},"1":{"name":"(anonymous_1)","decl":{"start":{"line":3,"column":19},"end":{"line":3,"column":27}},"loc":{"start":{"line":3,"column":40},"end":{"line":3,"column":51}},"line":3}},"branchMap":{},"s":{"0":3,"1":5},"f":{"0":3,"1":5},"b":{},"meta":{"lastBranch":0,"lastFunction":2,"lastStatement":2,"seen":{"f:2:24:2:28":0,"s:3:4:3:Infinity":0,"f:3:19:3:27":1,"s:3:40:3:51":1}}}
,"/home/eklow/dev/skola-backend-2026/integrationtests/src/coffeshop/createDrink.ts": {"path":"/home/eklow/dev/skola-backend-2026/integrationtests/src/coffeshop/createDrink.ts","statementMap":{"0":{"start":{"line":6,"column":28},"end":{"line":11,"column":null}},"1":{"start":{"line":15,"column":26},"end":{"line":15,"column":69}},"2":{"start":{"line":15,"column":49},"end":{"line":15,"column":69}},"3":{"start":{"line":16,"column":1},"end":{"line":16,"column":null}},"4":{"start":{"line":16,"column":13},"end":{"line":16,"column":null}},"5":{"start":{"line":17,"column":1},"end":{"line":17,"column":null}},"6":{"start":{"line":21,"column":1},"end":{"line":21,"column":null}},"7":{"start":{"line":22,"column":24},"end":{"line":22,"column":55}},"8":{"start":{"line":23,"column":1},"end":{"line":23,"column":null}},"9":{"start":{"line":27,"column":1},"end":{"line":27,"column":null}},"10":{"start":{"line":27,"column":18},"end":{"line":27,"column":null}},"11":{"start":{"line":28,"column":1},"end":{"line":28,"column":null}},"12":{"start":{"line":28,"column":34},"end":{"line":28,"column":null}},"13":{"start":{"line":29,"column":1},"end":{"line":29,"column":null}},"14":{"start":{"line":30,"column":1},"end":{"line":30,"column":null}},"15":{"start":{"line":35,"column":19},"end":{"line":35,"column":37}},"16":{"start":{"line":36,"column":16},"end":{"line":36,"column":44}},"17":{"start":{"line":37,"column":1},"end":{"line":37,"column":null}},"18":{"start":{"line":39,"column":1},"end":{"line":41,"column":null}},"19":{"start":{"line":42,"column":1},"end":{"line":42,"column":null}}},"fnMap":{"0":{"name":"createDrink","decl":{"start":{"line":14,"column":16},"end":{"line":14,"column":28}},"loc":{"start":{"line":14,"column":53},"end":{"line":17,"column":null}},"line":14},"1":{"name":"(anonymous_1)","decl":{"start":{"line":15,"column":33},"end":{"line":15,"column":39}},"loc":{"start":{"line":15,"column":49},"end":{"line":15,"column":69}},"line":15},"2":{"name":"prepareDrink","decl":{"start":{"line":20,"column":16},"end":{"line":20,"column":29}},"loc":{"start":{"line":20,"column":52},"end":{"line":23,"column":null}},"line":20},"3":{"name":"processPayment","decl":{"start":{"line":26,"column":16},"end":{"line":26,"column":31}},"loc":{"start":{"line":26,"column":72},"end":{"line":30,"column":null}},"line":26},"4":{"name":"orderDrink","decl":{"start":{"line":33,"column":16},"end":{"line":33,"column":27}},"loc":{"start":{"line":33,"column":51},"end":{"line":42,"column":null}},"line":33}},"branchMap":{"0":{"loc":{"start":{"line":16,"column":1},"end":{"line":16,"column":null}},"type":"if","locations":[{"start":{"line":16,"column":1},"end":{"line":16,"column":null}},{"start":{},"end":{}}],"line":16},"1":{"loc":{"start":{"line":27,"column":1},"end":{"line":27,"column":null}},"type":"if","locations":[{"start":{"line":27,"column":1},"end":{"line":27,"column":null}},{"start":{},"end":{}}],"line":27},"2":{"loc":{"start":{"line":28,"column":1},"end":{"line":28,"column":null}},"type":"if","locations":[{"start":{"line":28,"column":1},"end":{"line":28,"column":null}},{"start":{},"end":{}}],"line":28},"3":{"loc":{"start":{"line":28,"column":5},"end":{"line":28,"column":34}},"type":"binary-expr","locations":[{"start":{"line":28,"column":5},"end":{"line":28,"column":20}},{"start":{"line":28,"column":20},"end":{"line":28,"column":34}}],"line":28}},"s":{"0":1,"1":8,"2":21,"3":8,"4":2,"5":6,"6":5,"7":5,"8":5,"9":4,"10":0,"11":4,"12":1,"13":3,"14":3,"15":2,"16":2,"17":2,"18":2,"19":2},"f":{"0":8,"1":21,"2":5,"3":4,"4":2},"b":{"0":[2,6],"1":[0,4],"2":[1,3],"3":[4,4]},"meta":{"lastBranch":4,"lastFunction":5,"lastStatement":20,"seen":{"s:6:28:11:Infinity":0,"f:14:16:14:28":0,"s:15:26:15:69":1,"f:15:33:15:39":1,"s:15:49:15:69":2,"b:16:1:16:Infinity:undefined:undefined:undefined:undefined":0,"s:16:1:16:Infinity":3,"s:16:13:16:Infinity":4,"s:17:1:17:Infinity":5,"f:20:16:20:29":2,"s:21:1:21:Infinity":6,"s:22:24:22:55":7,"s:23:1:23:Infinity":8,"f:26:16:26:31":3,"b:27:1:27:Infinity:undefined:undefined:undefined:undefined":1,"s:27:1:27:Infinity":9,"s:27:18:27:Infinity":10,"b:28:1:28:Infinity:undefined:undefined:undefined:undefined":2,"s:28:1:28:Infinity":11,"b:28:5:28:20:28:20:28:34":3,"s:28:34:28:Infinity":12,"s:29:1:29:Infinity":13,"s:30:1:30:Infinity":14,"f:33:16:33:27":4,"s:35:19:35:37":15,"s:36:16:36:44":16,"s:37:1:37:Infinity":17,"s:39:1:41:Infinity":18,"s:42:1:42:Infinity":19}}}
}
